{"level":"info","message":"[Helius WebSocket] API Key validation successful","timestamp":"2025-01-23T20:27:20.033Z"}
{"level":"info","message":"[Helius WebSocket] Initializing...","timestamp":"2025-01-23T20:27:20.233Z"}
{"level":"info","message":"[Helius WebSocket] API Key validation successful","timestamp":"2025-01-23T20:27:20.234Z"}
{"level":"info","message":"[Helius WebSocket] Attempting to connect...","timestamp":"2025-01-23T20:27:20.234Z"}
{"level":"info","message":"[Helius WebSocket] Connecting to: wss://mainnet.helius-rpc.com/?api-key=004f9b13-f526-4952-9998-52f5c7bec6ee","timestamp":"2025-01-23T20:27:20.234Z"}
{"level":"info","message":"[Helius WebSocket] Connected successfully","timestamp":"2025-01-23T20:27:21.475Z"}
{"level":"info","message":"[Helius WebSocket] Resubscribing to all tokens...","timestamp":"2025-01-23T20:27:21.476Z"}
{"level":"info","message":"[Helius WebSocket] API Key validation successful","timestamp":"2025-01-23T20:29:07.084Z"}
{"level":"info","message":"[Routes] Initializing WebSocket managers...","timestamp":"2025-01-23T20:29:07.285Z"}
{"level":"info","message":"[Helius WebSocket] Initializing...","timestamp":"2025-01-23T20:29:07.286Z"}
{"level":"info","message":"[Helius WebSocket] API Key validation successful","timestamp":"2025-01-23T20:29:07.287Z"}
{"level":"info","message":"[Helius WebSocket] Attempting to connect...","timestamp":"2025-01-23T20:29:07.287Z"}
{"level":"info","message":"[Helius WebSocket] Connecting to: wss://mainnet.helius-rpc.com/?api-key=004f9b13-f526-4952-9998-52f5c7bec6ee","timestamp":"2025-01-23T20:29:07.287Z"}
{"level":"info","message":"[Routes] WebSocket managers initialized","timestamp":"2025-01-23T20:29:07.308Z"}
{"level":"info","message":"[Helius WebSocket] Connected successfully","timestamp":"2025-01-23T20:29:08.137Z"}
{"level":"info","message":"[Helius WebSocket] Resubscribing to all tokens...","timestamp":"2025-01-23T20:29:08.138Z"}
{"level":"warn","message":"[Helius WebSocket] Connection closed with code: [object Object]","timestamp":"2025-01-23T20:34:07.744Z"}
{"level":"info","message":"[Helius WebSocket] Reconnecting in 5000ms (attempt 1/5)","timestamp":"2025-01-23T20:34:07.746Z"}
{"level":"info","message":"[Helius WebSocket] Attempting to connect...","timestamp":"2025-01-23T20:34:12.747Z"}
{"level":"info","message":"[Helius WebSocket] Connecting to: wss://mainnet.helius-rpc.com/?api-key=004f9b13-f526-4952-9998-52f5c7bec6ee","timestamp":"2025-01-23T20:34:12.747Z"}
{"level":"info","message":"[Helius WebSocket] Connected successfully","timestamp":"2025-01-23T20:34:12.991Z"}
{"level":"info","message":"[Helius WebSocket] Resubscribing to all tokens...","timestamp":"2025-01-23T20:34:12.991Z"}
{"level":"info","message":"[Helius WebSocket] API Key validation successful","timestamp":"2025-01-23T20:35:17.782Z"}
{"level":"info","message":"[Routes] Initializing WebSocket managers...","timestamp":"2025-01-23T20:35:17.930Z"}
{"level":"info","message":"[Helius WebSocket] Initializing...","timestamp":"2025-01-23T20:35:17.931Z"}
{"level":"info","message":"[Helius WebSocket] API Key validation successful","timestamp":"2025-01-23T20:35:17.931Z"}
{"level":"info","message":"[Helius WebSocket] Attempting to connect...","timestamp":"2025-01-23T20:35:17.931Z"}
{"level":"info","message":"[Helius WebSocket] Connecting to: wss://mainnet.helius-rpc.com/?api-key=004f9b13-f526-4952-9998-52f5c7bec6ee","timestamp":"2025-01-23T20:35:17.932Z"}
{"level":"info","message":"[Routes] WebSocket managers initialized","timestamp":"2025-01-23T20:35:17.941Z"}
{"level":"info","message":"[Helius WebSocket] Connected successfully","timestamp":"2025-01-23T20:35:18.302Z"}
{"level":"info","message":"[Helius WebSocket] Resubscribing to all tokens...","timestamp":"2025-01-23T20:35:18.303Z"}
{"level":"info","message":"[Helius WebSocket] API Key validation successful","timestamp":"2025-01-23T20:38:51.961Z"}
{"level":"info","message":"[Routes] Initializing WebSocket managers...","timestamp":"2025-01-23T20:38:52.106Z"}
{"level":"info","message":"[Helius WebSocket] Initializing...","timestamp":"2025-01-23T20:38:52.107Z"}
{"level":"info","message":"[Helius WebSocket] API Key validation successful","timestamp":"2025-01-23T20:38:52.108Z"}
{"level":"info","message":"[Helius WebSocket] Attempting to connect...","timestamp":"2025-01-23T20:38:52.108Z"}
{"level":"info","message":"[Helius WebSocket] Connecting to: wss://mainnet.helius-rpc.com/?api-key=004f9b13-f526-4952-9998-52f5c7bec6ee","timestamp":"2025-01-23T20:38:52.108Z"}
{"level":"info","message":"[Routes] WebSocket managers initialized","timestamp":"2025-01-23T20:38:52.120Z"}
{"level":"info","message":"[Helius WebSocket] Connected successfully","timestamp":"2025-01-23T20:38:52.549Z"}
{"level":"info","message":"[Helius WebSocket] Resubscribing to all tokens...","timestamp":"2025-01-23T20:38:52.549Z"}
